c:\users\danie\onedrive\documents\cw2\2dscrollinggame\release\vc143.pdb
c:\users\danie\onedrive\documents\cw2\2dscrollinggame\release\attack.obj
c:\users\danie\onedrive\documents\cw2\2dscrollinggame\release\psydp3engine.obj
c:\users\danie\onedrive\documents\cw2\2dscrollinggame\release\player.obj
c:\users\danie\onedrive\documents\cw2\2dscrollinggame\release\pausesymbol.obj
c:\users\danie\onedrive\documents\cw2\2dscrollinggame\release\fontmanager.obj
c:\users\danie\onedrive\documents\cw2\2dscrollinggame\release\displayableobject.obj
c:\users\danie\onedrive\documents\cw2\2dscrollinggame\release\baseengine.obj
c:\users\danie\onedrive\documents\cw2\2dscrollinggame\release\mainfunction.obj
c:\users\danie\onedrive\documents\cw2\2dscrollinggame\release\losestate.obj
c:\users\danie\onedrive\documents\cw2\2dscrollinggame\release\imagetracking.obj
c:\users\danie\onedrive\documents\cw2\2dscrollinggame\release\numbertiles.obj
c:\users\danie\onedrive\documents\cw2\2dscrollinggame\release\mst.obj
c:\users\danie\onedrive\documents\cw2\2dscrollinggame\release\imagemappingdemo.obj
c:\users\danie\onedrive\documents\cw2\2dscrollinggame\release\gameobject.obj
c:\users\danie\onedrive\documents\cw2\2dscrollinggame\release\flashingdemo.obj
c:\users\danie\onedrive\documents\cw2\2dscrollinggame\release\enemy.obj
c:\users\danie\onedrive\documents\cw2\2dscrollinggame\release\drawingsurface.obj
c:\users\danie\onedrive\documents\cw2\2dscrollinggame\release\draggingdemo.obj
c:\users\danie\onedrive\documents\cw2\2dscrollinggame\release\circuittiles.obj
c:\users\danie\onedrive\documents\cw2\2dscrollinggame\release\arrow.obj
c:\users\danie\onedrive\documents\cw2\2dscrollinggame\release\zoompoints.obj
c:\users\danie\onedrive\documents\cw2\2dscrollinggame\release\zoomingdemo.obj
c:\users\danie\onedrive\documents\cw2\2dscrollinggame\release\winstate.obj
c:\users\danie\onedrive\documents\cw2\2dscrollinggame\release\mazedemotilemanager.obj
c:\users\danie\onedrive\documents\cw2\2dscrollinggame\release\mazedemoobject.obj
c:\users\danie\onedrive\documents\cw2\2dscrollinggame\release\mazedemomain.obj
c:\users\danie\onedrive\documents\cw2\2dscrollinggame\release\bouncingballmain.obj
c:\users\danie\onedrive\documents\cw2\2dscrollinggame\release\bouncingball.obj
c:\users\danie\onedrive\documents\cw2\2dscrollinggame\release\tilemanager.obj
c:\users\danie\onedrive\documents\cw2\2dscrollinggame\release\state.obj
c:\users\danie\onedrive\documents\cw2\2dscrollinggame\release\startupstate.obj
c:\users\danie\onedrive\documents\cw2\2dscrollinggame\release\starfielddemo.obj
c:\users\danie\onedrive\documents\cw2\2dscrollinggame\release\slider.obj
c:\users\danie\onedrive\documents\cw2\2dscrollinggame\release\simpledemo.obj
c:\users\danie\onedrive\documents\cw2\2dscrollinggame\release\simpleimage.obj
c:\users\danie\onedrive\documents\cw2\2dscrollinggame\release\scrollpoints.obj
c:\users\danie\onedrive\documents\cw2\2dscrollinggame\release\runningstate.obj
c:\users\danie\onedrive\documents\cw2\2dscrollinggame\release\courseworkbase2020.ilk
c:\users\danie\onedrive\documents\cw2\2dscrollinggame\release\courseworkbase2020.exe
c:\users\danie\onedrive\documents\cw2\2dscrollinggame\release\courseworkbase2020.pdb
c:\users\danie\onedrive\documents\cw2\2dscrollinggame\/release\courseworkbase2020.pdb
c:\users\danie\onedrive\documents\cw2\2dscrollinggame\/release\courseworkbase2020.ilk
c:\users\danie\onedrive\documents\cw2\2dscrollinggame\/release\courseworkbase.vcxproj.filelistabsolute.txt
c:\users\danie\onedrive\documents\cw2\2dscrollinggame\release\coursewo.63f64093.tlog\cl.command.1.tlog
c:\users\danie\onedrive\documents\cw2\2dscrollinggame\release\coursewo.63f64093.tlog\cl.read.1.tlog
c:\users\danie\onedrive\documents\cw2\2dscrollinggame\release\coursewo.63f64093.tlog\cl.write.1.tlog
c:\users\danie\onedrive\documents\cw2\2dscrollinggame\release\coursewo.63f64093.tlog\link.command.1.tlog
c:\users\danie\onedrive\documents\cw2\2dscrollinggame\release\coursewo.63f64093.tlog\link.read.1.tlog
c:\users\danie\onedrive\documents\cw2\2dscrollinggame\release\coursewo.63f64093.tlog\link.write.1.tlog
